<?xml version="1.0" encoding="UTF-8"?>
<!-- Generated by org.testng.reporters.JUnitReportReporter -->
<testsuite hostname="CA17-C9JQSY1" name="User_actions.Useractions" tests="1" failures="0" timestamp="17 Dec 2014 01:13:51 GMT" time="141.160" errors="0">
  <testcase name="pauseTest" time="141.160" classname="User_actions.Useractions"/>
</testsuite> <!-- User_actions.Useractions -->
