<?xml version="1.0" encoding="UTF-8"?>
<!-- Generated by org.testng.reporters.JUnitReportReporter -->
<testsuite hostname="CA17-C9JQSY1" name="User_actions.htmlFunc" tests="1" failures="0" timestamp="11 Dec 2014 20:41:31 GMT" time="0.016" errors="0">
  <testcase name="htmlfile" time="0.016" classname="User_actions.htmlFunc"/>
</testsuite> <!-- User_actions.htmlFunc -->
